<?xml version="1.0" encoding="UTF-8"?>
<coverage generated="1562766041481" clover="3.2.0">
  <project timestamp="1562766041482" name="All files">
    <metrics statements="5" coveredstatements="5" conditionals="0" coveredconditionals="0" methods="1" coveredmethods="1" elements="6" coveredelements="6" complexity="0" loc="5" ncloc="5" packages="1" files="1" classes="1"/>
    <file name="reverse.js" path="C:\Users\Desenvolvedor\Documents\Courses\React-Ninja\Section 04\Jest-In-Practice\src\reverse\reverse.js">
      <metrics statements="5" coveredstatements="5" conditionals="0" coveredconditionals="0" methods="1" coveredmethods="1"/>
      <line num="1" count="1" type="stmt"/>
      <line num="2" count="3" type="stmt"/>
      <line num="3" count="3" type="stmt"/>
      <line num="4" count="5" type="stmt"/>
      <line num="6" count="3" type="stmt"/>
    </file>
  </project>
</coverage>
