{"C:\\Users\\Desenvolvedor\\Documents\\Courses\\React-Ninja\\Section 04\\Jest-In-Practice\\src\\reverse\\reverse.js": {"path":"C:\\Users\\Desenvolvedor\\Documents\\Courses\\React-Ninja\\Section 04\\Jest-In-Practice\\src\\reverse\\reverse.js","statementMap":{"0":{"start":{"line":1,"column":16},"end":{"line":7,"column":1}},"1":{"start":{"line":2,"column":17},"end":{"line":2,"column":19}},"2":{"start":{"line":3,"column":2},"end":{"line":5,"column":3}},"3":{"start":{"line":3,"column":15},"end":{"line":3,"column":25}},"4":{"start":{"line":4,"column":4},"end":{"line":4,"column":26}},"5":{"start":{"line":6,"column":2},"end":{"line":6,"column":18}}},"fnMap":{"0":{"name":"(anonymous_0)","decl":{"start":{"line":1,"column":16},"end":{"line":1,"column":17}},"loc":{"start":{"line":1,"column":23},"end":{"line":7,"column":1}},"line":1}},"branchMap":{},"s":{"0":1,"1":3,"2":3,"3":3,"4":5,"5":3},"f":{"0":3},"b":{},"_coverageSchema":"43e27e138ebf9cfc5966b082cf9a028302ed4184","hash":"c3018550de59e19ddcab8864d9e2176b03b36ac8"}
}
