{"/Users/pedropaulo/Documents/Courses/Projects/React-Ninja/Section 04/Jest-In-Practice/src/some/some-recursive.js": {"path":"/Users/pedropaulo/Documents/Courses/Projects/React-Ninja/Section 04/Jest-In-Practice/src/some/some-recursive.js","statementMap":{"0":{"start":{"line":1,"column":13},"end":{"line":11,"column":1}},"1":{"start":{"line":2,"column":1},"end":{"line":10,"column":14}},"2":{"start":{"line":3,"column":26},"end":{"line":3,"column":39}},"3":{"start":{"line":5,"column":2},"end":{"line":9,"column":37}}},"fnMap":{"0":{"name":"(anonymous_0)","decl":{"start":{"line":1,"column":13},"end":{"line":1,"column":14}},"loc":{"start":{"line":1,"column":30},"end":{"line":11,"column":1}},"line":1},"1":{"name":"someInternal","decl":{"start":{"line":2,"column":18},"end":{"line":2,"column":30}},"loc":{"start":{"line":2,"column":55},"end":{"line":10,"column":2}},"line":2}},"branchMap":{"0":{"loc":{"start":{"line":5,"column":9},"end":{"line":9,"column":36}},"type":"cond-expr","locations":[{"start":{"line":6,"column":5},"end":{"line":6,"column":10}},{"start":{"line":7,"column":5},"end":{"line":9,"column":36}}],"line":5},"1":{"loc":{"start":{"line":7,"column":5},"end":{"line":9,"column":36}},"type":"cond-expr","locations":[{"start":{"line":8,"column":5},"end":{"line":8,"column":9}},{"start":{"line":9,"column":5},"end":{"line":9,"column":36}}],"line":7}},"s":{"0":1,"1":5,"2":8,"3":8},"f":{"0":5,"1":8},"b":{"0":[2,6],"1":[3,3]},"_coverageSchema":"43e27e138ebf9cfc5966b082cf9a028302ed4184","hash":"c56477ca216801f134a484a7b660f5a88de4325c"}
}
